
trce -f "i2s_mask_impl1.mt" -o "i2s_mask_impl1.tw1" "i2s_mask_impl1_map.ncd" "i2s_mask_impl1.prf"
trce:  version Diamond (64-bit) 3.7.0.96.1

Copyright (c) 1991-1994 by NeoCAD Inc. All rights reserved.
Copyright (c) 1995 AT&T Corp.   All rights reserved.
Copyright (c) 1995-2001 Lucent Technologies Inc.  All rights reserved.
Copyright (c) 2001 Agere Systems   All rights reserved.
Copyright (c) 2002-2016 Lattice Semiconductor Corporation,  All rights reserved.

Loading design for application trce from file i2s_mask_impl1_map.ncd.
Design name: top
NCD version: 3.3
Vendor:      LATTICE
Device:      LCMXO2-640HC
Package:     TQFP100
Performance: 4
Loading device for application trce from file 'xo2c640.nph' in environment: C:/Program Files/Lattice/diamond/3.7_x64/ispfpga.
Package Status:                     Final          Version 1.36.
Performance Hardware Data Status:   Final          Version 33.4.
Setup and Hold Report

--------------------------------------------------------------------------------
Lattice TRACE Report - Setup, Version Diamond (64-bit) 3.7.0.96.1
Sun Apr 24 17:54:23 2016

Copyright (c) 1991-1994 by NeoCAD Inc. All rights reserved.
Copyright (c) 1995 AT&T Corp.   All rights reserved.
Copyright (c) 1995-2001 Lucent Technologies Inc.  All rights reserved.
Copyright (c) 2001 Agere Systems   All rights reserved.
Copyright (c) 2002-2016 Lattice Semiconductor Corporation,  All rights reserved.

Report Information
------------------
Command line:    trce -v 1 -gt -mapchkpnt 0 -sethld -o i2s_mask_impl1.tw1 -gui -msgset C:/Users/Francois Campbell/GoogleDrive/Electronics/LatticeDiamond/i2s_mask/promote.xml i2s_mask_impl1_map.ncd i2s_mask_impl1.prf 
Design file:     i2s_mask_impl1_map.ncd
Preference file: i2s_mask_impl1.prf
Device,speed:    LCMXO2-640HC,4
Report level:    verbose report, limited to 1 item per preference
--------------------------------------------------------------------------------

BLOCK ASYNCPATHS
BLOCK RESETPATHS
--------------------------------------------------------------------------------



Timing summary (Setup):
---------------

Timing errors: 0  Score: 0
Cumulative negative slack: 0

Constraints cover 10 paths, 1 nets, and 19 connections (1.82% coverage)

--------------------------------------------------------------------------------
Lattice TRACE Report - Hold, Version Diamond (64-bit) 3.7.0.96.1
Sun Apr 24 17:54:23 2016

Copyright (c) 1991-1994 by NeoCAD Inc. All rights reserved.
Copyright (c) 1995 AT&T Corp.   All rights reserved.
Copyright (c) 1995-2001 Lucent Technologies Inc.  All rights reserved.
Copyright (c) 2001 Agere Systems   All rights reserved.
Copyright (c) 2002-2016 Lattice Semiconductor Corporation,  All rights reserved.

Report Information
------------------
Command line:    trce -v 1 -gt -mapchkpnt 0 -sethld -o i2s_mask_impl1.tw1 -gui -msgset C:/Users/Francois Campbell/GoogleDrive/Electronics/LatticeDiamond/i2s_mask/promote.xml i2s_mask_impl1_map.ncd i2s_mask_impl1.prf 
Design file:     i2s_mask_impl1_map.ncd
Preference file: i2s_mask_impl1.prf
Device,speed:    LCMXO2-640HC,M
Report level:    verbose report, limited to 1 item per preference
--------------------------------------------------------------------------------

BLOCK ASYNCPATHS
BLOCK RESETPATHS
--------------------------------------------------------------------------------



Timing summary (Hold):
---------------

Timing errors: 0  Score: 0
Cumulative negative slack: 0

Constraints cover 10 paths, 1 nets, and 19 connections (1.82% coverage)



Timing summary (Setup and Hold):
---------------

Timing errors: 0 (setup), 0 (hold)
Score: 0 (setup), 0 (hold)
Cumulative negative slack: 0 (0+0)
--------------------------------------------------------------------------------

--------------------------------------------------------------------------------

Total time: 0 secs 
