sourcing C:\Program Files\Lattice\diamond\3.6_x64\synpbase\lib\message_override.tcl
Running in Lattice mode

Starting:    C:\Program Files\Lattice\diamond\3.6_x64\synpbase\bin64\mbin\synplify.exe
Install:     C:\Program Files\Lattice\diamond\3.6_x64\synpbase
Hostname:    FRANCOIS-PC
Date:        Sat Apr 23 16:41:39 2016
Version:     J-2015.03L-SP1

Arguments:   -product synplify_pro -tcl C:/Users/Francois Campbell/GoogleDrive/Electronics/LatticeDiamond/i2s_mask/impl1/launch_synplify.tcl
ProductType: synplify_pro





No project opened.
auto_infer_blackbox is not supported in current product.
Removed file: C:\Users\Francois Campbell\GoogleDrive\Electronics\LatticeDiamond\i2s_mask\i2s_mask.v
TCL script complete: "C:/Users/Francois Campbell/GoogleDrive/Electronics/LatticeDiamond/i2s_mask/impl1/launch_synplify.tcl"
log file: "C:\Users\Francois Campbell\GoogleDrive\Electronics\LatticeDiamond\i2s_mask\impl1\impl1.srr"
Running: impl1 in foreground

Running impl1_syn|impl1

Running: compile (Compile) on impl1_syn|impl1

Running: compile_flow (Compile Process) on impl1_syn|impl1

Running: compiler (Compile Input) on impl1_syn|impl1
Copied C:\Users\Francois Campbell\GoogleDrive\Electronics\LatticeDiamond\i2s_mask\impl1\synwork\impl1_comp.srs to C:\Users\Francois Campbell\GoogleDrive\Electronics\LatticeDiamond\i2s_mask\impl1\impl1.srs

compiler Completed
Return Code: 0
Run Time:0h:00m:03s

Running: multi_srs_gen (Multi-srs Generator) on impl1_syn|impl1
Copied C:\Users\Francois Campbell\GoogleDrive\Electronics\LatticeDiamond\i2s_mask\impl1\synwork\impl1_comp.srs to C:\Users\Francois Campbell\GoogleDrive\Electronics\LatticeDiamond\i2s_mask\impl1\synwork\impl1_s.srs

multi_srs_gen Completed
Return Code: 0
Run Time:0h:00m:00s
Copied C:\Users\Francois Campbell\GoogleDrive\Electronics\LatticeDiamond\i2s_mask\impl1\synwork\impl1_mult.srs to C:\Users\Francois Campbell\GoogleDrive\Electronics\LatticeDiamond\i2s_mask\impl1\impl1.srs
Complete: Compile Process on impl1_syn|impl1

Running: premap (Pre-mapping) on impl1_syn|impl1

premap Completed with warnings
Return Code: 1
Run Time:0h:00m:02s
Complete: Compile on impl1_syn|impl1

Running: map (Map) on impl1_syn|impl1

Running: fpga_mapper (Map & Optimize) on impl1_syn|impl1
Copied C:\Users\Francois Campbell\GoogleDrive\Electronics\LatticeDiamond\i2s_mask\impl1\synwork\impl1_m.srm to C:\Users\Francois Campbell\GoogleDrive\Electronics\LatticeDiamond\i2s_mask\impl1\impl1.srm

fpga_mapper Completed with warnings
Return Code: 1
Run Time:0h:00m:08s
Complete: Map on impl1_syn|impl1
Complete: Logic Synthesis on impl1_syn|impl1
Note: Opening local project RTL file 'C:\Users\Francois Campbell\GoogleDrive\Electronics\LatticeDiamond\i2s_mask\impl1\impl1.srs'
Note: Opening local project RTL file 'C:\Users\Francois Campbell\GoogleDrive\Electronics\LatticeDiamond\i2s_mask\impl1\impl1.srs'
Note: Opening local project RTL file 'C:\Users\Francois Campbell\GoogleDrive\Electronics\LatticeDiamond\i2s_mask\impl1\impl1.srs'
exit status=0
